{"uid":"329a178cb5816b31","name":"test_execution[This is a test case for TestCase3]","fullName":"case.wm630.reboot.test_case_3.TestCase3#test_execution","historyId":"5af61274c724493f9c07ff39d761f5c3","time":{"start":1745730019762,"stop":1745730019794,"duration":32},"status":"failed","statusMessage":"AssertionError: assert False","statusTrace":"self = <test_case_3.TestCase3 object at 0x000002147BD9AC40>\ncase_config = {'desc': 'This is a test case for TestCase3', 'loop': 1, 'module': <module 'case.wm630.reboot.test_case_3' from 'D:\\\\Jenkins\\\\SWS_Git\\\\guradian\\\\case\\\\wm630\\\\reboot\\\\test_case_3.py'>, 'name': 'test_case_3'}\n\n>   ???\nE   assert False\n\nD:\\seldon\\PyProjectRoom\\0406\\case\\wm630\\reboot\\test_case_3.py:17: AssertionError","flaky":false,"newFailed":false,"newBroken":false,"newPassed":false,"retriesCount":0,"retriesStatusChange":false,"beforeStages":[{"name":"allure_metadata","time":{"start":1745730019759,"stop":1745730019762,"duration":3},"status":"passed","steps":[{"name":"Test test_case_3 iteration 1","time":{"start":1745730019759,"stop":1745730019795,"duration":36},"status":"passed","steps":[],"attachments":[],"parameters":[],"hasContent":false,"shouldDisplayMessage":false,"attachmentStep":false,"stepsCount":0,"attachmentsCount":0}],"attachments":[],"parameters":[],"hasContent":true,"shouldDisplayMessage":false,"attachmentStep":false,"stepsCount":1,"attachmentsCount":0}],"testStage":{"status":"failed","statusMessage":"AssertionError: assert False","statusTrace":"self = <test_case_3.TestCase3 object at 0x000002147BD9AC40>\ncase_config = {'desc': 'This is a test case for TestCase3', 'loop': 1, 'module': <module 'case.wm630.reboot.test_case_3' from 'D:\\\\Jenkins\\\\SWS_Git\\\\guradian\\\\case\\\\wm630\\\\reboot\\\\test_case_3.py'>, 'name': 'test_case_3'}\n\n>   ???\nE   assert False\n\nD:\\seldon\\PyProjectRoom\\0406\\case\\wm630\\reboot\\test_case_3.py:17: AssertionError","steps":[],"attachments":[{"uid":"6d3c7b0ae135fa3c","name":"log","source":"6d3c7b0ae135fa3c.txt","type":"text/plain","size":119}],"parameters":[],"hasContent":true,"shouldDisplayMessage":true,"attachmentStep":false,"stepsCount":0,"attachmentsCount":1},"afterStages":[{"name":"allure_metadata::0","time":{"start":1745730019795,"stop":1745730019795,"duration":0},"status":"passed","steps":[],"attachments":[],"parameters":[],"hasContent":false,"shouldDisplayMessage":false,"attachmentStep":false,"stepsCount":0,"attachmentsCount":0}],"labels":[{"name":"tag","value":"@pytest.mark.usefixtures('allure_metadata')"},{"name":"parentSuite","value":"case.wm630.reboot"},{"name":"suite","value":"test_case_3"},{"name":"subSuite","value":"TestCase3"},{"name":"host","value":"seldon"},{"name":"thread","value":"60964-MainThread"},{"name":"framework","value":"pytest"},{"name":"language","value":"cpython3"},{"name":"package","value":"case.wm630.reboot.test_case_3"},{"name":"resultFormat","value":"allure2"}],"parameters":[{"name":"case_config","value":"{'name': 'test_case_3', 'module': <module 'case.wm630.reboot.test_case_3' from 'D:\\\\Jenkins\\\\SWS_Git\\\\guradian\\\\case\\\\wm630\\\\reboot\\\\test_case_3.py'>, 'loop': 1, 'desc': 'This is a test case for TestCase3'}"}],"links":[],"hidden":false,"retry":false,"extra":{"severity":"normal","retries":[],"categories":[{"name":"Product defects","matchedStatuses":[]}],"tags":["@pytest.mark.usefixtures('allure_metadata')"]},"source":"329a178cb5816b31.json","parameterValues":["{'name': 'test_case_3', 'module': <module 'case.wm630.reboot.test_case_3' from 'D:\\\\Jenkins\\\\SWS_Git\\\\guradian\\\\case\\\\wm630\\\\reboot\\\\test_case_3.py'>, 'loop': 1, 'desc': 'This is a test case for TestCase3'}"]}