{"uid":"9f6f7a418703dbb4","name":"test_execution[case_config2]","fullName":"case.wm630.reboot.test_case_3.TestCase3#test_execution","historyId":"3fc01b47bdd926249fd337e8e2718ab0","time":{"start":1745825881142,"stop":1745825881177,"duration":35},"status":"failed","statusMessage":"AssertionError: assert False","statusTrace":"self = <test_case_3.TestCase3 object at 0x0000020330FA2D70>\ncase_config = {'desc': 'This is a test case for TestCase3', 'loop': 1, 'module': <module 'case.wm630.reboot.test_case_3' from 'D:\\\\Jenkins\\\\SWS_Git\\\\guardian\\\\case\\\\wm630\\\\reboot\\\\test_case_3.py'>, 'name': 'test_case_3'}\n\n    @pytest.mark.usefixtures(\"allure_metadata\")\n    def test_execution(self, case_config):\n        self.cmd = CommandExecutor()\n    \n        if self.prepare():\n            self.run_test()\n        else:\n            logging.error('test faile')\n>           assert False\nE           assert False\n\ncase\\wm630\\reboot\\test_case_3.py:17: AssertionError","flaky":false,"newFailed":false,"newBroken":false,"newPassed":false,"retriesCount":0,"retriesStatusChange":false,"beforeStages":[{"name":"allure_metadata","time":{"start":1745825881142,"stop":1745825881142,"duration":0},"status":"passed","steps":[{"name":"Test test_case_3 iteration 1","time":{"start":1745825881142,"stop":1745825881178,"duration":36},"status":"passed","steps":[],"attachments":[],"parameters":[],"stepsCount":0,"attachmentStep":false,"hasContent":false,"shouldDisplayMessage":false,"attachmentsCount":0}],"attachments":[],"parameters":[],"stepsCount":1,"attachmentStep":false,"hasContent":true,"shouldDisplayMessage":false,"attachmentsCount":0}],"testStage":{"status":"failed","statusMessage":"AssertionError: assert False","statusTrace":"self = <test_case_3.TestCase3 object at 0x0000020330FA2D70>\ncase_config = {'desc': 'This is a test case for TestCase3', 'loop': 1, 'module': <module 'case.wm630.reboot.test_case_3' from 'D:\\\\Jenkins\\\\SWS_Git\\\\guardian\\\\case\\\\wm630\\\\reboot\\\\test_case_3.py'>, 'name': 'test_case_3'}\n\n    @pytest.mark.usefixtures(\"allure_metadata\")\n    def test_execution(self, case_config):\n        self.cmd = CommandExecutor()\n    \n        if self.prepare():\n            self.run_test()\n        else:\n            logging.error('test faile')\n>           assert False\nE           assert False\n\ncase\\wm630\\reboot\\test_case_3.py:17: AssertionError","steps":[],"attachments":[{"uid":"e2723533f2352af","name":"log","source":"e2723533f2352af.txt","type":"text/plain","size":119}],"parameters":[],"stepsCount":0,"attachmentStep":false,"hasContent":true,"shouldDisplayMessage":true,"attachmentsCount":1},"afterStages":[{"name":"allure_metadata::0","time":{"start":1745825881178,"stop":1745825881179,"duration":1},"status":"passed","steps":[],"attachments":[],"parameters":[],"stepsCount":0,"attachmentStep":false,"hasContent":false,"shouldDisplayMessage":false,"attachmentsCount":0}],"labels":[{"name":"tag","value":"@pytest.mark.usefixtures('allure_metadata')"},{"name":"parentSuite","value":"case.wm630.reboot"},{"name":"suite","value":"test_case_3"},{"name":"subSuite","value":"TestCase3"},{"name":"host","value":"seldon"},{"name":"thread","value":"55520-MainThread"},{"name":"framework","value":"pytest"},{"name":"language","value":"cpython3"},{"name":"package","value":"case.wm630.reboot.test_case_3"},{"name":"resultFormat","value":"allure2"}],"parameters":[{"name":"case_config","value":"{'name': 'test_case_3', 'module': <module 'case.wm630.reboot.test_case_3' from 'D:\\\\Jenkins\\\\SWS_Git\\\\guardian\\\\case\\\\wm630\\\\reboot\\\\test_case_3.py'>, 'loop': 1, 'desc': 'This is a test case for TestCase3'}"}],"links":[],"hidden":false,"retry":false,"extra":{"severity":"normal","retries":[],"categories":[{"name":"Product defects","matchedStatuses":[]}],"tags":["@pytest.mark.usefixtures('allure_metadata')"]},"source":"9f6f7a418703dbb4.json","parameterValues":["{'name': 'test_case_3', 'module': <module 'case.wm630.reboot.test_case_3' from 'D:\\\\Jenkins\\\\SWS_Git\\\\guardian\\\\case\\\\wm630\\\\reboot\\\\test_case_3.py'>, 'loop': 1, 'desc': 'This is a test case for TestCase3'}"]}