{"uid":"af6f1601205dbb97","name":"test_execution[case_config1]","fullName":"case.wm630.reboot.test_case_3.TestCase3#test_execution","historyId":"fba2b202d916ffbc93707afd0ec3cfdd","time":{"start":1745825881100,"stop":1745825881138,"duration":38},"status":"failed","statusMessage":"AssertionError: assert False","statusTrace":"self = <test_case_3.TestCase3 object at 0x0000020331038910>\ncase_config = {'desc': 'This is a test case for TestCase2', 'loop': 1, 'module': <module 'case.wm630.reboot.test_case_2' from 'D:\\\\Jenkins\\\\SWS_Git\\\\guardian\\\\case\\\\wm630\\\\reboot\\\\test_case_2.py'>, 'name': 'test_case_2'}\n\n    @pytest.mark.usefixtures(\"allure_metadata\")\n    def test_execution(self, case_config):\n        self.cmd = CommandExecutor()\n    \n        if self.prepare():\n            self.run_test()\n        else:\n            logging.error('test faile')\n>           assert False\nE           assert False\n\ncase\\wm630\\reboot\\test_case_3.py:17: AssertionError","flaky":false,"newFailed":false,"newBroken":false,"newPassed":false,"retriesCount":0,"retriesStatusChange":false,"beforeStages":[{"name":"allure_metadata","time":{"start":1745825881099,"stop":1745825881099,"duration":0},"status":"passed","steps":[{"name":"Test test_case_2 iteration 1","time":{"start":1745825881099,"stop":1745825881140,"duration":41},"status":"passed","steps":[],"attachments":[],"parameters":[],"stepsCount":0,"attachmentStep":false,"hasContent":false,"shouldDisplayMessage":false,"attachmentsCount":0}],"attachments":[],"parameters":[],"stepsCount":1,"attachmentStep":false,"hasContent":true,"shouldDisplayMessage":false,"attachmentsCount":0}],"testStage":{"status":"failed","statusMessage":"AssertionError: assert False","statusTrace":"self = <test_case_3.TestCase3 object at 0x0000020331038910>\ncase_config = {'desc': 'This is a test case for TestCase2', 'loop': 1, 'module': <module 'case.wm630.reboot.test_case_2' from 'D:\\\\Jenkins\\\\SWS_Git\\\\guardian\\\\case\\\\wm630\\\\reboot\\\\test_case_2.py'>, 'name': 'test_case_2'}\n\n    @pytest.mark.usefixtures(\"allure_metadata\")\n    def test_execution(self, case_config):\n        self.cmd = CommandExecutor()\n    \n        if self.prepare():\n            self.run_test()\n        else:\n            logging.error('test faile')\n>           assert False\nE           assert False\n\ncase\\wm630\\reboot\\test_case_3.py:17: AssertionError","steps":[],"attachments":[{"uid":"d3984b32b8ef4b76","name":"log","source":"d3984b32b8ef4b76.txt","type":"text/plain","size":119}],"parameters":[],"stepsCount":0,"attachmentStep":false,"hasContent":true,"shouldDisplayMessage":true,"attachmentsCount":1},"afterStages":[{"name":"allure_metadata::0","time":{"start":1745825881140,"stop":1745825881140,"duration":0},"status":"passed","steps":[],"attachments":[],"parameters":[],"stepsCount":0,"attachmentStep":false,"hasContent":false,"shouldDisplayMessage":false,"attachmentsCount":0}],"labels":[{"name":"tag","value":"@pytest.mark.usefixtures('allure_metadata')"},{"name":"parentSuite","value":"case.wm630.reboot"},{"name":"suite","value":"test_case_3"},{"name":"subSuite","value":"TestCase3"},{"name":"host","value":"seldon"},{"name":"thread","value":"55520-MainThread"},{"name":"framework","value":"pytest"},{"name":"language","value":"cpython3"},{"name":"package","value":"case.wm630.reboot.test_case_3"},{"name":"resultFormat","value":"allure2"}],"parameters":[{"name":"case_config","value":"{'name': 'test_case_2', 'module': <module 'case.wm630.reboot.test_case_2' from 'D:\\\\Jenkins\\\\SWS_Git\\\\guardian\\\\case\\\\wm630\\\\reboot\\\\test_case_2.py'>, 'loop': 1, 'desc': 'This is a test case for TestCase2'}"}],"links":[],"hidden":false,"retry":false,"extra":{"severity":"normal","retries":[],"categories":[{"name":"Product defects","matchedStatuses":[]}],"tags":["@pytest.mark.usefixtures('allure_metadata')"]},"source":"af6f1601205dbb97.json","parameterValues":["{'name': 'test_case_2', 'module': <module 'case.wm630.reboot.test_case_2' from 'D:\\\\Jenkins\\\\SWS_Git\\\\guardian\\\\case\\\\wm630\\\\reboot\\\\test_case_2.py'>, 'loop': 1, 'desc': 'This is a test case for TestCase2'}"]}