{"uid":"b92748d707d52e18","name":"test_execution[case_config0]","fullName":"case.wm630.reboot.test_case_3.TestCase3#test_execution","historyId":"f3dc97016f121da8b1b5a967dd7471f3","time":{"start":1745825880825,"stop":1745825881071,"duration":246},"status":"failed","statusMessage":"AssertionError: assert False","statusTrace":"self = <test_case_3.TestCase3 object at 0x0000020331038410>\ncase_config = {'desc': 'This is a test case for TestCase1', 'loop': 1, 'module': <module 'case.wm630.reboot.test_case_1' from 'D:\\\\Jenkins\\\\SWS_Git\\\\guardian\\\\case\\\\wm630\\\\reboot\\\\test_case_1.py'>, 'name': 'test_case_1'}\n\n    @pytest.mark.usefixtures(\"allure_metadata\")\n    def test_execution(self, case_config):\n        self.cmd = CommandExecutor()\n    \n        if self.prepare():\n            self.run_test()\n        else:\n            logging.error('test faile')\n>           assert False\nE           assert False\n\ncase\\wm630\\reboot\\test_case_3.py:17: AssertionError","flaky":false,"newFailed":false,"newBroken":false,"newPassed":false,"retriesCount":0,"retriesStatusChange":false,"beforeStages":[{"name":"allure_metadata","time":{"start":1745825880824,"stop":1745825880824,"duration":0},"status":"passed","steps":[{"name":"Test test_case_1 iteration 1","time":{"start":1745825880824,"stop":1745825881097,"duration":273},"status":"passed","steps":[],"attachments":[],"parameters":[],"stepsCount":0,"attachmentStep":false,"hasContent":false,"shouldDisplayMessage":false,"attachmentsCount":0}],"attachments":[],"parameters":[],"stepsCount":1,"attachmentStep":false,"hasContent":true,"shouldDisplayMessage":false,"attachmentsCount":0}],"testStage":{"status":"failed","statusMessage":"AssertionError: assert False","statusTrace":"self = <test_case_3.TestCase3 object at 0x0000020331038410>\ncase_config = {'desc': 'This is a test case for TestCase1', 'loop': 1, 'module': <module 'case.wm630.reboot.test_case_1' from 'D:\\\\Jenkins\\\\SWS_Git\\\\guardian\\\\case\\\\wm630\\\\reboot\\\\test_case_1.py'>, 'name': 'test_case_1'}\n\n    @pytest.mark.usefixtures(\"allure_metadata\")\n    def test_execution(self, case_config):\n        self.cmd = CommandExecutor()\n    \n        if self.prepare():\n            self.run_test()\n        else:\n            logging.error('test faile')\n>           assert False\nE           assert False\n\ncase\\wm630\\reboot\\test_case_3.py:17: AssertionError","steps":[],"attachments":[{"uid":"72ce1f675144456","name":"log","source":"72ce1f675144456.txt","type":"text/plain","size":119}],"parameters":[],"stepsCount":0,"attachmentStep":false,"hasContent":true,"shouldDisplayMessage":true,"attachmentsCount":1},"afterStages":[{"name":"allure_metadata::0","time":{"start":1745825881097,"stop":1745825881097,"duration":0},"status":"passed","steps":[],"attachments":[],"parameters":[],"stepsCount":0,"attachmentStep":false,"hasContent":false,"shouldDisplayMessage":false,"attachmentsCount":0}],"labels":[{"name":"tag","value":"@pytest.mark.usefixtures('allure_metadata')"},{"name":"parentSuite","value":"case.wm630.reboot"},{"name":"suite","value":"test_case_3"},{"name":"subSuite","value":"TestCase3"},{"name":"host","value":"seldon"},{"name":"thread","value":"55520-MainThread"},{"name":"framework","value":"pytest"},{"name":"language","value":"cpython3"},{"name":"package","value":"case.wm630.reboot.test_case_3"},{"name":"resultFormat","value":"allure2"}],"parameters":[{"name":"case_config","value":"{'name': 'test_case_1', 'module': <module 'case.wm630.reboot.test_case_1' from 'D:\\\\Jenkins\\\\SWS_Git\\\\guardian\\\\case\\\\wm630\\\\reboot\\\\test_case_1.py'>, 'loop': 1, 'desc': 'This is a test case for TestCase1'}"}],"links":[],"hidden":false,"retry":false,"extra":{"severity":"normal","retries":[],"categories":[{"name":"Product defects","matchedStatuses":[]}],"tags":["@pytest.mark.usefixtures('allure_metadata')"]},"source":"b92748d707d52e18.json","parameterValues":["{'name': 'test_case_1', 'module': <module 'case.wm630.reboot.test_case_1' from 'D:\\\\Jenkins\\\\SWS_Git\\\\guardian\\\\case\\\\wm630\\\\reboot\\\\test_case_1.py'>, 'loop': 1, 'desc': 'This is a test case for TestCase1'}"]}