{"name": "test_execution[This is a test case for TestCase1]", "status": "failed", "statusDetails": {"message": "AssertionError: assert False", "trace": "self = <test_case_3.TestCase3 object at 0x000002147C269590>\ncase_config = {'desc': 'This is a test case for TestCase1', 'loop': 1, 'module': <module 'case.wm630.reboot.test_case_1' from 'D:\\\\Jenkins\\\\SWS_Git\\\\guradian\\\\case\\\\wm630\\\\reboot\\\\test_case_1.py'>, 'name': 'test_case_1'}\n\n>   ???\nE   assert False\n\nD:\\seldon\\PyProjectRoom\\0406\\case\\wm630\\reboot\\test_case_3.py:17: AssertionError"}, "attachments": [{"name": "log", "source": "9ef7330d-02dc-491d-9a4a-b6e73493549a-attachment.txt", "type": "text/plain"}], "parameters": [{"name": "case_config", "value": "{'name': 'test_case_1', 'module': <module 'case.wm630.reboot.test_case_1' from 'D:\\\\Jenkins\\\\SWS_Git\\\\guradian\\\\case\\\\wm630\\\\reboot\\\\test_case_1.py'>, 'loop': 1, 'desc': 'This is a test case for TestCase1'}"}], "start": 1745730019639, "stop": 1745730019684, "uuid": "957c4b5f-a4d9-4f46-8f97-6bd1480c7fdf", "historyId": "2d0abb766c4b58e3fbf3e3e5de68174d", "testCaseId": "404bcadbfa3b59a02ae674f5fa807801", "fullName": "case.wm630.reboot.test_case_3.TestCase3#test_execution", "labels": [{"name": "tag", "value": "@pytest.mark.usefixtures('allure_metadata')"}, {"name": "parentSuite", "value": "case.wm630.reboot"}, {"name": "suite", "value": "test_case_3"}, {"name": "subSuite", "value": "TestCase3"}, {"name": "host", "value": "seldon"}, {"name": "thread", "value": "60964-MainThread"}, {"name": "framework", "value": "pytest"}, {"name": "language", "value": "cpython3"}, {"name": "package", "value": "case.wm630.reboot.test_case_3"}]}