{"name": "test_execution[This is a test case for TestCase2]", "status": "failed", "statusDetails": {"message": "AssertionError: assert False", "trace": "self = <test_case_3.TestCase3 object at 0x000002147C269A90>\ncase_config = {'desc': 'This is a test case for TestCase2', 'loop': 1, 'module': <module 'case.wm630.reboot.test_case_2' from 'D:\\\\Jenkins\\\\SWS_Git\\\\guradian\\\\case\\\\wm630\\\\reboot\\\\test_case_2.py'>, 'name': 'test_case_2'}\n\n>   ???\nE   assert False\n\nD:\\seldon\\PyProjectRoom\\0406\\case\\wm630\\reboot\\test_case_3.py:17: AssertionError"}, "attachments": [{"name": "log", "source": "c07606d3-6aff-4270-92bc-af809304f069-attachment.txt", "type": "text/plain"}], "parameters": [{"name": "case_config", "value": "{'name': 'test_case_2', 'module': <module 'case.wm630.reboot.test_case_2' from 'D:\\\\Jenkins\\\\SWS_Git\\\\guradian\\\\case\\\\wm630\\\\reboot\\\\test_case_2.py'>, 'loop': 1, 'desc': 'This is a test case for TestCase2'}"}], "start": 1745730019718, "stop": 1745730019753, "uuid": "8570d897-a51d-44c7-b373-a129ec16149e", "historyId": "b3238f5d52d4717ff120fb8c6e3dc362", "testCaseId": "404bcadbfa3b59a02ae674f5fa807801", "fullName": "case.wm630.reboot.test_case_3.TestCase3#test_execution", "labels": [{"name": "tag", "value": "@pytest.mark.usefixtures('allure_metadata')"}, {"name": "parentSuite", "value": "case.wm630.reboot"}, {"name": "suite", "value": "test_case_3"}, {"name": "subSuite", "value": "TestCase3"}, {"name": "host", "value": "seldon"}, {"name": "thread", "value": "60964-MainThread"}, {"name": "framework", "value": "pytest"}, {"name": "language", "value": "cpython3"}, {"name": "package", "value": "case.wm630.reboot.test_case_3"}]}