{"name": "test_execution[This is a test case for TestCase3]", "status": "failed", "statusDetails": {"message": "AssertionError: assert False", "trace": "self = <test_case_3.TestCase3 object at 0x000002147BD9AC40>\ncase_config = {'desc': 'This is a test case for TestCase3', 'loop': 1, 'module': <module 'case.wm630.reboot.test_case_3' from 'D:\\\\Jenkins\\\\SWS_Git\\\\guradian\\\\case\\\\wm630\\\\reboot\\\\test_case_3.py'>, 'name': 'test_case_3'}\n\n>   ???\nE   assert False\n\nD:\\seldon\\PyProjectRoom\\0406\\case\\wm630\\reboot\\test_case_3.py:17: AssertionError"}, "attachments": [{"name": "log", "source": "a66966ca-ae5e-4185-b070-506e2e7d6d9d-attachment.txt", "type": "text/plain"}], "parameters": [{"name": "case_config", "value": "{'name': 'test_case_3', 'module': <module 'case.wm630.reboot.test_case_3' from 'D:\\\\Jenkins\\\\SWS_Git\\\\guradian\\\\case\\\\wm630\\\\reboot\\\\test_case_3.py'>, 'loop': 1, 'desc': 'This is a test case for TestCase3'}"}], "start": 1745730019762, "stop": 1745730019794, "uuid": "204a6e4f-4068-4b8d-8024-e62cad213599", "historyId": "5af61274c724493f9c07ff39d761f5c3", "testCaseId": "404bcadbfa3b59a02ae674f5fa807801", "fullName": "case.wm630.reboot.test_case_3.TestCase3#test_execution", "labels": [{"name": "tag", "value": "@pytest.mark.usefixtures('allure_metadata')"}, {"name": "parentSuite", "value": "case.wm630.reboot"}, {"name": "suite", "value": "test_case_3"}, {"name": "subSuite", "value": "TestCase3"}, {"name": "host", "value": "seldon"}, {"name": "thread", "value": "60964-MainThread"}, {"name": "framework", "value": "pytest"}, {"name": "language", "value": "cpython3"}, {"name": "package", "value": "case.wm630.reboot.test_case_3"}]}