{"name": "test_execution[case_config2]", "status": "failed", "statusDetails": {"message": "AssertionError: assert False", "trace": "self = <test_case_3.TestCase3 object at 0x000002132F7D6FD0>\ncase_config = {'desc': 'This is a test case for TestCase3', 'loop': 1, 'module': <module 'case.wm630.reboot.test_case_3' from 'D:\\\\Jenkins\\\\SWS_Git\\\\guardian\\\\case\\\\wm630\\\\reboot\\\\test_case_3.py'>, 'name': 'test_case_3'}\n\n>   ???\nE   assert False\n\nD:\\seldon\\PyProjectRoom\\0406\\case\\wm630\\reboot\\test_case_3.py:17: AssertionError"}, "attachments": [{"name": "log", "source": "55936a30-294c-497c-8c80-21460bf277e7-attachment.txt", "type": "text/plain"}], "parameters": [{"name": "case_config", "value": "{'name': 'test_case_3', 'module': <module 'case.wm630.reboot.test_case_3' from 'D:\\\\Jenkins\\\\SWS_Git\\\\guardian\\\\case\\\\wm630\\\\reboot\\\\test_case_3.py'>, 'loop': 1, 'desc': 'This is a test case for TestCase3'}"}], "start": 1745824215566, "stop": 1745824215600, "uuid": "54bf2502-dbc2-438f-84a2-06258d3b6589", "historyId": "3fc01b47bdd926249fd337e8e2718ab0", "testCaseId": "404bcadbfa3b59a02ae674f5fa807801", "fullName": "case.wm630.reboot.test_case_3.TestCase3#test_execution", "labels": [{"name": "tag", "value": "@pytest.mark.usefixtures('allure_metadata')"}, {"name": "parentSuite", "value": "case.wm630.reboot"}, {"name": "suite", "value": "test_case_3"}, {"name": "subSuite", "value": "TestCase3"}, {"name": "host", "value": "seldon"}, {"name": "thread", "value": "59836-MainThread"}, {"name": "framework", "value": "pytest"}, {"name": "language", "value": "cpython3"}, {"name": "package", "value": "case.wm630.reboot.test_case_3"}]}