{"name": "test_execution[case_config1]", "status": "failed", "statusDetails": {"message": "AssertionError: assert False", "trace": "self = <test_case_3.TestCase3 object at 0x0000020331038910>\ncase_config = {'desc': 'This is a test case for TestCase2', 'loop': 1, 'module': <module 'case.wm630.reboot.test_case_2' from 'D:\\\\Jenkins\\\\SWS_Git\\\\guardian\\\\case\\\\wm630\\\\reboot\\\\test_case_2.py'>, 'name': 'test_case_2'}\n\n    @pytest.mark.usefixtures(\"allure_metadata\")\n    def test_execution(self, case_config):\n        self.cmd = CommandExecutor()\n    \n        if self.prepare():\n            self.run_test()\n        else:\n            logging.error('test faile')\n>           assert False\nE           assert False\n\ncase\\wm630\\reboot\\test_case_3.py:17: AssertionError"}, "attachments": [{"name": "log", "source": "4cc99450-5941-4231-bfcd-94882e8ea30e-attachment.txt", "type": "text/plain"}], "parameters": [{"name": "case_config", "value": "{'name': 'test_case_2', 'module': <module 'case.wm630.reboot.test_case_2' from 'D:\\\\Jenkins\\\\SWS_Git\\\\guardian\\\\case\\\\wm630\\\\reboot\\\\test_case_2.py'>, 'loop': 1, 'desc': 'This is a test case for TestCase2'}"}], "start": 1745825881100, "stop": 1745825881138, "uuid": "defe56e0-055b-4e27-9366-7ea695aa8e9d", "historyId": "fba2b202d916ffbc93707afd0ec3cfdd", "testCaseId": "404bcadbfa3b59a02ae674f5fa807801", "fullName": "case.wm630.reboot.test_case_3.TestCase3#test_execution", "labels": [{"name": "tag", "value": "@pytest.mark.usefixtures('allure_metadata')"}, {"name": "parentSuite", "value": "case.wm630.reboot"}, {"name": "suite", "value": "test_case_3"}, {"name": "subSuite", "value": "TestCase3"}, {"name": "host", "value": "seldon"}, {"name": "thread", "value": "55520-MainThread"}, {"name": "framework", "value": "pytest"}, {"name": "language", "value": "cpython3"}, {"name": "package", "value": "case.wm630.reboot.test_case_3"}]}