{"name": "test_execution[case_config0]", "status": "failed", "statusDetails": {"message": "AssertionError: assert False", "trace": "self = <test_case_3.TestCase3 object at 0x0000020331038410>\ncase_config = {'desc': 'This is a test case for TestCase1', 'loop': 1, 'module': <module 'case.wm630.reboot.test_case_1' from 'D:\\\\Jenkins\\\\SWS_Git\\\\guardian\\\\case\\\\wm630\\\\reboot\\\\test_case_1.py'>, 'name': 'test_case_1'}\n\n    @pytest.mark.usefixtures(\"allure_metadata\")\n    def test_execution(self, case_config):\n        self.cmd = CommandExecutor()\n    \n        if self.prepare():\n            self.run_test()\n        else:\n            logging.error('test faile')\n>           assert False\nE           assert False\n\ncase\\wm630\\reboot\\test_case_3.py:17: AssertionError"}, "attachments": [{"name": "log", "source": "79223ce2-0bf9-495f-a242-5bb552aa27f4-attachment.txt", "type": "text/plain"}], "parameters": [{"name": "case_config", "value": "{'name': 'test_case_1', 'module': <module 'case.wm630.reboot.test_case_1' from 'D:\\\\Jenkins\\\\SWS_Git\\\\guardian\\\\case\\\\wm630\\\\reboot\\\\test_case_1.py'>, 'loop': 1, 'desc': 'This is a test case for TestCase1'}"}], "start": 1745825880825, "stop": 1745825881071, "uuid": "2f70e810-2af7-4659-83e7-e1db9110fcf7", "historyId": "f3dc97016f121da8b1b5a967dd7471f3", "testCaseId": "404bcadbfa3b59a02ae674f5fa807801", "fullName": "case.wm630.reboot.test_case_3.TestCase3#test_execution", "labels": [{"name": "tag", "value": "@pytest.mark.usefixtures('allure_metadata')"}, {"name": "parentSuite", "value": "case.wm630.reboot"}, {"name": "suite", "value": "test_case_3"}, {"name": "subSuite", "value": "TestCase3"}, {"name": "host", "value": "seldon"}, {"name": "thread", "value": "55520-MainThread"}, {"name": "framework", "value": "pytest"}, {"name": "language", "value": "cpython3"}, {"name": "package", "value": "case.wm630.reboot.test_case_3"}]}