{"name": "test_execution[case_config0]", "status": "failed", "statusDetails": {"message": "AssertionError: assert False", "trace": "self = <test_case_3.TestCase3 object at 0x000002132F864410>\ncase_config = {'desc': 'This is a test case for TestCase1', 'loop': 1, 'module': <module 'case.wm630.reboot.test_case_1' from 'D:\\\\Jenkins\\\\SWS_Git\\\\guardian\\\\case\\\\wm630\\\\reboot\\\\test_case_1.py'>, 'name': 'test_case_1'}\n\n>   ???\nE   assert False\n\nD:\\seldon\\PyProjectRoom\\0406\\case\\wm630\\reboot\\test_case_3.py:17: AssertionError"}, "attachments": [{"name": "log", "source": "6a34b964-37ba-4f79-a7cf-e22d3c2a0b25-attachment.txt", "type": "text/plain"}], "parameters": [{"name": "case_config", "value": "{'name': 'test_case_1', 'module': <module 'case.wm630.reboot.test_case_1' from 'D:\\\\Jenkins\\\\SWS_Git\\\\guardian\\\\case\\\\wm630\\\\reboot\\\\test_case_1.py'>, 'loop': 1, 'desc': 'This is a test case for TestCase1'}"}], "start": 1745824215116, "stop": 1745824215498, "uuid": "95e687d4-30ed-4ffd-bb5d-618635acbd0c", "historyId": "f3dc97016f121da8b1b5a967dd7471f3", "testCaseId": "404bcadbfa3b59a02ae674f5fa807801", "fullName": "case.wm630.reboot.test_case_3.TestCase3#test_execution", "labels": [{"name": "tag", "value": "@pytest.mark.usefixtures('allure_metadata')"}, {"name": "parentSuite", "value": "case.wm630.reboot"}, {"name": "suite", "value": "test_case_3"}, {"name": "subSuite", "value": "TestCase3"}, {"name": "host", "value": "seldon"}, {"name": "thread", "value": "59836-MainThread"}, {"name": "framework", "value": "pytest"}, {"name": "language", "value": "cpython3"}, {"name": "package", "value": "case.wm630.reboot.test_case_3"}]}